
*** Running vivado
    with args -log embsys_PWM_Analyzer_1_0.vds -m64 -product Vivado -mode batch -messageDb vivado.pb -notrace -source embsys_PWM_Analyzer_1_0.tcl



****** Vivado v2024.1 (64-bit)
  **** SW Build 5076996 on Wed May 22 18:37:14 MDT 2024
  **** IP Build 5075265 on Wed May 22 21:45:21 MDT 2024
  **** SharedData Build 5076995 on Wed May 22 18:29:18 MDT 2024
  **** Start of session at: Sun Jan 26 21:23:24 2025
    ** Copyright 1986-2022 Xilinx, Inc. All Rights Reserved.
    ** Copyright 2022-2024 Advanced Micro Devices, Inc. All Rights Reserved.

source embsys_PWM_Analyzer_1_0.tcl -notrace
create_project: Time (s): cpu = 00:00:07 ; elapsed = 00:00:07 . Memory (MB): peak = 491.797 ; gain = 196.086
INFO: [IP_Flow 19-234] Refreshing IP repositories
INFO: [IP_Flow 19-1700] Loaded user IP repository 'a:/ECE544_GitHub/ece544w25_proj1_release_1_0/IP/ece544ip_w25'.
INFO: [IP_Flow 19-2313] Loaded Vivado IP repository 'A:/Xilinx/Vivado/2024.1/data/ip'.
INFO: [IP_Flow 19-6924] IPCACHE: Running cache check for IP inst: embsys_PWM_Analyzer_1_0
INFO: [IP_Flow 19-6922] IPCACHE: Exporting cached entry 2a5a3b6e00fcc042 to dir: A:/ECE544_GitHub/ece544w25_proj1_release_1_0/project_1.runs/embsys_PWM_Analyzer_1_0_synth_1
INFO: [IP_Flow 19-6928] IPCACHE: copied cached file a:/ECE544_GitHub/ece544w25_proj1_release_1_0/project_1.cache/ip/2024.1/2/a/2a5a3b6e00fcc042/embsys_PWM_Analyzer_0_0.dcp to A:/ECE544_GitHub/ece544w25_proj1_release_1_0/project_1.runs/embsys_PWM_Analyzer_1_0_synth_1/embsys_PWM_Analyzer_1_0.dcp.
INFO: [IP_Flow 19-6928] IPCACHE: copied cached file a:/ECE544_GitHub/ece544w25_proj1_release_1_0/project_1.cache/ip/2024.1/2/a/2a5a3b6e00fcc042/embsys_PWM_Analyzer_0_0_sim_netlist.v to A:/ECE544_GitHub/ece544w25_proj1_release_1_0/project_1.runs/embsys_PWM_Analyzer_1_0_synth_1/embsys_PWM_Analyzer_1_0_sim_netlist.v.
INFO: [IP_Flow 19-6928] IPCACHE: copied cached file a:/ECE544_GitHub/ece544w25_proj1_release_1_0/project_1.cache/ip/2024.1/2/a/2a5a3b6e00fcc042/embsys_PWM_Analyzer_0_0_sim_netlist.vhdl to A:/ECE544_GitHub/ece544w25_proj1_release_1_0/project_1.runs/embsys_PWM_Analyzer_1_0_synth_1/embsys_PWM_Analyzer_1_0_sim_netlist.vhdl.
INFO: [IP_Flow 19-6928] IPCACHE: copied cached file a:/ECE544_GitHub/ece544w25_proj1_release_1_0/project_1.cache/ip/2024.1/2/a/2a5a3b6e00fcc042/embsys_PWM_Analyzer_0_0_stub.v to A:/ECE544_GitHub/ece544w25_proj1_release_1_0/project_1.runs/embsys_PWM_Analyzer_1_0_synth_1/embsys_PWM_Analyzer_1_0_stub.v.
INFO: [IP_Flow 19-6928] IPCACHE: copied cached file a:/ECE544_GitHub/ece544w25_proj1_release_1_0/project_1.cache/ip/2024.1/2/a/2a5a3b6e00fcc042/embsys_PWM_Analyzer_0_0_stub.vhdl to A:/ECE544_GitHub/ece544w25_proj1_release_1_0/project_1.runs/embsys_PWM_Analyzer_1_0_synth_1/embsys_PWM_Analyzer_1_0_stub.vhdl.
INFO: [IP_Flow 19-4838] Using cached IP synthesis design for IP embsys_PWM_Analyzer_1_0, cache-ID = 2a5a3b6e00fcc042.
INFO: [Common 17-206] Exiting Vivado at Sun Jan 26 21:23:34 2025...
