
*** Running vivado
    with args -log embsys_fit_timer_0_0.vds -m64 -product Vivado -mode batch -messageDb vivado.pb -notrace -source embsys_fit_timer_0_0.tcl



****** Vivado v2024.1 (64-bit)
  **** SW Build 5076996 on Wed May 22 18:37:14 MDT 2024
  **** IP Build 5075265 on Wed May 22 21:45:21 MDT 2024
  **** SharedData Build 5076995 on Wed May 22 18:29:18 MDT 2024
  **** Start of session at: Sun Jan 26 21:25:23 2025
    ** Copyright 1986-2022 Xilinx, Inc. All Rights Reserved.
    ** Copyright 2022-2024 Advanced Micro Devices, Inc. All Rights Reserved.

source embsys_fit_timer_0_0.tcl -notrace
create_project: Time (s): cpu = 00:00:07 ; elapsed = 00:00:07 . Memory (MB): peak = 492.348 ; gain = 199.410
INFO: [IP_Flow 19-234] Refreshing IP repositories
INFO: [IP_Flow 19-1700] Loaded user IP repository 'a:/ECE544_GitHub/ece544w25_proj1_release_1_0/IP/ece544ip_w25'.
INFO: [IP_Flow 19-2313] Loaded Vivado IP repository 'A:/Xilinx/Vivado/2024.1/data/ip'.
INFO: [IP_Flow 19-6924] IPCACHE: Running cache check for IP inst: embsys_fit_timer_0_0
Command: synth_design -top embsys_fit_timer_0_0 -part xc7a100tcsg324-1 -incremental_mode off -mode out_of_context
Starting synth_design
Attempting to get a license for feature 'Synthesis' and/or device 'xc7a100t'
INFO: [Common 17-349] Got license for feature 'Synthesis' and/or device 'xc7a100t'
INFO: [Device 21-403] Loading part xc7a100tcsg324-1
INFO: [Device 21-9227] Part: xc7a100tcsg324-1 does not have CEAM library.
INFO: [Synth 8-7079] Multithreading enabled for synth_design using a maximum of 2 processes.
INFO: [Synth 8-7078] Launching helper process for spawning children vivado processes
INFO: [Synth 8-7075] Helper process launched with PID 8272
---------------------------------------------------------------------------------
Starting RTL Elaboration : Time (s): cpu = 00:00:05 ; elapsed = 00:00:06 . Memory (MB): peak = 1369.781 ; gain = 446.699
---------------------------------------------------------------------------------
INFO: [Synth 8-638] synthesizing module 'embsys_fit_timer_0_0' [a:/ECE544_GitHub/ece544w25_proj1_release_1_0/project_1.gen/sources_1/bd/embsys/ip/embsys_fit_timer_0_0/synth/embsys_fit_timer_0_0.vhd:67]
	Parameter C_FAMILY bound to: artix7 - type: string 
	Parameter C_NO_CLOCKS bound to: 50000000 - type: integer 
	Parameter C_INACCURACY bound to: 0 - type: integer 
	Parameter C_EXT_RESET_HIGH bound to: 1 - type: integer 
INFO: [Synth 8-3491] module 'FIT_timer' declared at 'a:/ECE544_GitHub/ece544w25_proj1_release_1_0/project_1.gen/sources_1/bd/embsys/ipshared/c0be/hdl/fit_timer_v2_0_vh_rfs.vhd:396' bound to instance 'U0' of component 'fit_timer' [a:/ECE544_GitHub/ece544w25_proj1_release_1_0/project_1.gen/sources_1/bd/embsys/ip/embsys_fit_timer_0_0/synth/embsys_fit_timer_0_0.vhd:98]
INFO: [Synth 8-638] synthesizing module 'FIT_timer' [a:/ECE544_GitHub/ece544w25_proj1_release_1_0/project_1.gen/sources_1/bd/embsys/ipshared/c0be/hdl/fit_timer_v2_0_vh_rfs.vhd:419]
	Parameter Ratio bound to: 16 - type: integer 
	Parameter First bound to: 1 - type: bool 
INFO: [Synth 8-3491] module 'Divide_part' declared at 'a:/ECE544_GitHub/ece544w25_proj1_release_1_0/project_1.gen/sources_1/bd/embsys/ipshared/c0be/hdl/fit_timer_v2_0_vh_rfs.vhd:89' bound to instance 'Divide_I' of component 'Divide_Part' [a:/ECE544_GitHub/ece544w25_proj1_release_1_0/project_1.gen/sources_1/bd/embsys/ipshared/c0be/hdl/fit_timer_v2_0_vh_rfs.vhd:716]
INFO: [Synth 8-638] synthesizing module 'Divide_part' [a:/ECE544_GitHub/ece544w25_proj1_release_1_0/project_1.gen/sources_1/bd/embsys/ipshared/c0be/hdl/fit_timer_v2_0_vh_rfs.vhd:112]
	Parameter INIT bound to: 16'b0000000000000001 
INFO: [Synth 8-113] binding component instance 'SRL16E_I' to cell 'SRL16E' [a:/ECE544_GitHub/ece544w25_proj1_release_1_0/project_1.gen/sources_1/bd/embsys/ipshared/c0be/hdl/fit_timer_v2_0_vh_rfs.vhd:136]
INFO: [Synth 8-256] done synthesizing module 'Divide_part' (0#1) [a:/ECE544_GitHub/ece544w25_proj1_release_1_0/project_1.gen/sources_1/bd/embsys/ipshared/c0be/hdl/fit_timer_v2_0_vh_rfs.vhd:112]
	Parameter Ratio bound to: 10 - type: integer 
	Parameter First bound to: 0 - type: bool 
INFO: [Synth 8-3491] module 'Divide_part' declared at 'a:/ECE544_GitHub/ece544w25_proj1_release_1_0/project_1.gen/sources_1/bd/embsys/ipshared/c0be/hdl/fit_timer_v2_0_vh_rfs.vhd:89' bound to instance 'Divide_I' of component 'Divide_Part' [a:/ECE544_GitHub/ece544w25_proj1_release_1_0/project_1.gen/sources_1/bd/embsys/ipshared/c0be/hdl/fit_timer_v2_0_vh_rfs.vhd:716]
INFO: [Synth 8-638] synthesizing module 'Divide_part__parameterized0' [a:/ECE544_GitHub/ece544w25_proj1_release_1_0/project_1.gen/sources_1/bd/embsys/ipshared/c0be/hdl/fit_timer_v2_0_vh_rfs.vhd:112]
	Parameter INIT bound to: 16'b0000000000000001 
INFO: [Synth 8-113] binding component instance 'SRL16E_I' to cell 'SRL16E' [a:/ECE544_GitHub/ece544w25_proj1_release_1_0/project_1.gen/sources_1/bd/embsys/ipshared/c0be/hdl/fit_timer_v2_0_vh_rfs.vhd:136]
INFO: [Synth 8-256] done synthesizing module 'Divide_part__parameterized0' (0#1) [a:/ECE544_GitHub/ece544w25_proj1_release_1_0/project_1.gen/sources_1/bd/embsys/ipshared/c0be/hdl/fit_timer_v2_0_vh_rfs.vhd:112]
	Parameter Ratio bound to: 10 - type: integer 
	Parameter First bound to: 0 - type: bool 
INFO: [Synth 8-3491] module 'Divide_part' declared at 'a:/ECE544_GitHub/ece544w25_proj1_release_1_0/project_1.gen/sources_1/bd/embsys/ipshared/c0be/hdl/fit_timer_v2_0_vh_rfs.vhd:89' bound to instance 'Divide_I' of component 'Divide_Part' [a:/ECE544_GitHub/ece544w25_proj1_release_1_0/project_1.gen/sources_1/bd/embsys/ipshared/c0be/hdl/fit_timer_v2_0_vh_rfs.vhd:716]
	Parameter Ratio bound to: 10 - type: integer 
	Parameter First bound to: 0 - type: bool 
INFO: [Synth 8-3491] module 'Divide_part' declared at 'a:/ECE544_GitHub/ece544w25_proj1_release_1_0/project_1.gen/sources_1/bd/embsys/ipshared/c0be/hdl/fit_timer_v2_0_vh_rfs.vhd:89' bound to instance 'Divide_I' of component 'Divide_Part' [a:/ECE544_GitHub/ece544w25_proj1_release_1_0/project_1.gen/sources_1/bd/embsys/ipshared/c0be/hdl/fit_timer_v2_0_vh_rfs.vhd:716]
	Parameter Ratio bound to: 5 - type: integer 
	Parameter First bound to: 0 - type: bool 
INFO: [Synth 8-3491] module 'Divide_part' declared at 'a:/ECE544_GitHub/ece544w25_proj1_release_1_0/project_1.gen/sources_1/bd/embsys/ipshared/c0be/hdl/fit_timer_v2_0_vh_rfs.vhd:89' bound to instance 'Divide_I' of component 'Divide_Part' [a:/ECE544_GitHub/ece544w25_proj1_release_1_0/project_1.gen/sources_1/bd/embsys/ipshared/c0be/hdl/fit_timer_v2_0_vh_rfs.vhd:716]
INFO: [Synth 8-638] synthesizing module 'Divide_part__parameterized1' [a:/ECE544_GitHub/ece544w25_proj1_release_1_0/project_1.gen/sources_1/bd/embsys/ipshared/c0be/hdl/fit_timer_v2_0_vh_rfs.vhd:112]
	Parameter INIT bound to: 16'b0000000000000001 
INFO: [Synth 8-113] binding component instance 'SRL16E_I' to cell 'SRL16E' [a:/ECE544_GitHub/ece544w25_proj1_release_1_0/project_1.gen/sources_1/bd/embsys/ipshared/c0be/hdl/fit_timer_v2_0_vh_rfs.vhd:136]
INFO: [Synth 8-256] done synthesizing module 'Divide_part__parameterized1' (0#1) [a:/ECE544_GitHub/ece544w25_proj1_release_1_0/project_1.gen/sources_1/bd/embsys/ipshared/c0be/hdl/fit_timer_v2_0_vh_rfs.vhd:112]
	Parameter Ratio bound to: 5 - type: integer 
	Parameter First bound to: 0 - type: bool 
INFO: [Synth 8-3491] module 'Divide_part' declared at 'a:/ECE544_GitHub/ece544w25_proj1_release_1_0/project_1.gen/sources_1/bd/embsys/ipshared/c0be/hdl/fit_timer_v2_0_vh_rfs.vhd:89' bound to instance 'Divide_I' of component 'Divide_Part' [a:/ECE544_GitHub/ece544w25_proj1_release_1_0/project_1.gen/sources_1/bd/embsys/ipshared/c0be/hdl/fit_timer_v2_0_vh_rfs.vhd:716]
	Parameter Ratio bound to: 5 - type: integer 
	Parameter First bound to: 0 - type: bool 
INFO: [Synth 8-3491] module 'Divide_part' declared at 'a:/ECE544_GitHub/ece544w25_proj1_release_1_0/project_1.gen/sources_1/bd/embsys/ipshared/c0be/hdl/fit_timer_v2_0_vh_rfs.vhd:89' bound to instance 'Divide_I' of component 'Divide_Part' [a:/ECE544_GitHub/ece544w25_proj1_release_1_0/project_1.gen/sources_1/bd/embsys/ipshared/c0be/hdl/fit_timer_v2_0_vh_rfs.vhd:716]
	Parameter Ratio bound to: 5 - type: integer 
	Parameter First bound to: 0 - type: bool 
INFO: [Synth 8-3491] module 'Divide_part' declared at 'a:/ECE544_GitHub/ece544w25_proj1_release_1_0/project_1.gen/sources_1/bd/embsys/ipshared/c0be/hdl/fit_timer_v2_0_vh_rfs.vhd:89' bound to instance 'Divide_I' of component 'Divide_Part' [a:/ECE544_GitHub/ece544w25_proj1_release_1_0/project_1.gen/sources_1/bd/embsys/ipshared/c0be/hdl/fit_timer_v2_0_vh_rfs.vhd:716]
	Parameter Ratio bound to: 5 - type: integer 
	Parameter First bound to: 0 - type: bool 
INFO: [Synth 8-3491] module 'Divide_part' declared at 'a:/ECE544_GitHub/ece544w25_proj1_release_1_0/project_1.gen/sources_1/bd/embsys/ipshared/c0be/hdl/fit_timer_v2_0_vh_rfs.vhd:89' bound to instance 'Divide_I' of component 'Divide_Part' [a:/ECE544_GitHub/ece544w25_proj1_release_1_0/project_1.gen/sources_1/bd/embsys/ipshared/c0be/hdl/fit_timer_v2_0_vh_rfs.vhd:716]
INFO: [Synth 8-256] done synthesizing module 'FIT_timer' (0#1) [a:/ECE544_GitHub/ece544w25_proj1_release_1_0/project_1.gen/sources_1/bd/embsys/ipshared/c0be/hdl/fit_timer_v2_0_vh_rfs.vhd:419]
INFO: [Synth 8-256] done synthesizing module 'embsys_fit_timer_0_0' (0#1) [a:/ECE544_GitHub/ece544w25_proj1_release_1_0/project_1.gen/sources_1/bd/embsys/ip/embsys_fit_timer_0_0/synth/embsys_fit_timer_0_0.vhd:67]
---------------------------------------------------------------------------------
Finished RTL Elaboration : Time (s): cpu = 00:00:07 ; elapsed = 00:00:08 . Memory (MB): peak = 1484.410 ; gain = 561.328
---------------------------------------------------------------------------------
---------------------------------------------------------------------------------
Start Handling Custom Attributes
---------------------------------------------------------------------------------
---------------------------------------------------------------------------------
Finished Handling Custom Attributes : Time (s): cpu = 00:00:08 ; elapsed = 00:00:08 . Memory (MB): peak = 1484.410 ; gain = 561.328
---------------------------------------------------------------------------------
---------------------------------------------------------------------------------
Finished RTL Optimization Phase 1 : Time (s): cpu = 00:00:08 ; elapsed = 00:00:08 . Memory (MB): peak = 1484.410 ; gain = 561.328
---------------------------------------------------------------------------------
Netlist sorting complete. Time (s): cpu = 00:00:00 ; elapsed = 00:00:00 . Memory (MB): peak = 1484.410 ; gain = 0.000
INFO: [Project 1-570] Preparing netlist for logic optimization

Processing XDC Constraints
Initializing timing engine
Parsing XDC File [a:/ECE544_GitHub/ece544w25_proj1_release_1_0/project_1.gen/sources_1/bd/embsys/ip/embsys_fit_timer_0_0/embsys_fit_timer_0_0_ooc.xdc] for cell 'U0'
Finished Parsing XDC File [a:/ECE544_GitHub/ece544w25_proj1_release_1_0/project_1.gen/sources_1/bd/embsys/ip/embsys_fit_timer_0_0/embsys_fit_timer_0_0_ooc.xdc] for cell 'U0'
Parsing XDC File [A:/ECE544_GitHub/ece544w25_proj1_release_1_0/project_1.runs/embsys_fit_timer_0_0_synth_1/dont_touch.xdc]
Finished Parsing XDC File [A:/ECE544_GitHub/ece544w25_proj1_release_1_0/project_1.runs/embsys_fit_timer_0_0_synth_1/dont_touch.xdc]
Completed Processing XDC Constraints

Netlist sorting complete. Time (s): cpu = 00:00:00 ; elapsed = 00:00:00 . Memory (MB): peak = 1508.781 ; gain = 0.000
INFO: [Project 1-111] Unisim Transformation Summary:
No Unisim elements were transformed.

Constraint Validation Runtime : Time (s): cpu = 00:00:00 ; elapsed = 00:00:00.017 . Memory (MB): peak = 1514.094 ; gain = 5.312
INFO: [Designutils 20-5008] Incremental synthesis strategy off
---------------------------------------------------------------------------------
Finished Constraint Validation : Time (s): cpu = 00:00:16 ; elapsed = 00:00:17 . Memory (MB): peak = 1514.094 ; gain = 591.012
---------------------------------------------------------------------------------
---------------------------------------------------------------------------------
Start Loading Part and Timing Information
---------------------------------------------------------------------------------
Loading part: xc7a100tcsg324-1
---------------------------------------------------------------------------------
Finished Loading Part and Timing Information : Time (s): cpu = 00:00:16 ; elapsed = 00:00:17 . Memory (MB): peak = 1514.094 ; gain = 591.012
---------------------------------------------------------------------------------
---------------------------------------------------------------------------------
Start Applying 'set_property' XDC Constraints
---------------------------------------------------------------------------------
Applied set_property KEEP_HIERARCHY = SOFT for U0. (constraint file  A:/ECE544_GitHub/ece544w25_proj1_release_1_0/project_1.runs/embsys_fit_timer_0_0_synth_1/dont_touch.xdc, line 9).
---------------------------------------------------------------------------------
Finished applying 'set_property' XDC Constraints : Time (s): cpu = 00:00:16 ; elapsed = 00:00:17 . Memory (MB): peak = 1514.094 ; gain = 591.012
---------------------------------------------------------------------------------
---------------------------------------------------------------------------------
Finished RTL Optimization Phase 2 : Time (s): cpu = 00:00:16 ; elapsed = 00:00:17 . Memory (MB): peak = 1514.094 ; gain = 591.012
---------------------------------------------------------------------------------
---------------------------------------------------------------------------------
Start RTL Component Statistics 
---------------------------------------------------------------------------------
Detailed RTL Component Info : 
+---Registers : 
	                1 Bit    Registers := 25    
---------------------------------------------------------------------------------
Finished RTL Component Statistics 
---------------------------------------------------------------------------------
---------------------------------------------------------------------------------
Start Part Resource Summary
---------------------------------------------------------------------------------
Part Resources:
DSPs: 240 (col length:80)
BRAMs: 270 (col length: RAMB18 80 RAMB36 40)
---------------------------------------------------------------------------------
Finished Part Resource Summary
---------------------------------------------------------------------------------
---------------------------------------------------------------------------------
Start Cross Boundary and Area Optimization
---------------------------------------------------------------------------------
WARNING: [Synth 8-7080] Parallel synthesis criteria is not met
---------------------------------------------------------------------------------
Finished Cross Boundary and Area Optimization : Time (s): cpu = 00:00:18 ; elapsed = 00:00:19 . Memory (MB): peak = 1514.094 ; gain = 591.012
---------------------------------------------------------------------------------
---------------------------------------------------------------------------------
Start Applying XDC Timing Constraints
---------------------------------------------------------------------------------
---------------------------------------------------------------------------------
Finished Applying XDC Timing Constraints : Time (s): cpu = 00:00:24 ; elapsed = 00:00:25 . Memory (MB): peak = 1514.094 ; gain = 591.012
---------------------------------------------------------------------------------
---------------------------------------------------------------------------------
Start Timing Optimization
---------------------------------------------------------------------------------
---------------------------------------------------------------------------------
Finished Timing Optimization : Time (s): cpu = 00:00:24 ; elapsed = 00:00:25 . Memory (MB): peak = 1514.094 ; gain = 591.012
---------------------------------------------------------------------------------
---------------------------------------------------------------------------------
Start Technology Mapping
---------------------------------------------------------------------------------
---------------------------------------------------------------------------------
Finished Technology Mapping : Time (s): cpu = 00:00:24 ; elapsed = 00:00:25 . Memory (MB): peak = 1514.094 ; gain = 591.012
---------------------------------------------------------------------------------
---------------------------------------------------------------------------------
Start IO Insertion
---------------------------------------------------------------------------------
---------------------------------------------------------------------------------
Start Flattening Before IO Insertion
---------------------------------------------------------------------------------
---------------------------------------------------------------------------------
Finished Flattening Before IO Insertion
---------------------------------------------------------------------------------
---------------------------------------------------------------------------------
Start Final Netlist Cleanup
---------------------------------------------------------------------------------
---------------------------------------------------------------------------------
Finished Final Netlist Cleanup
---------------------------------------------------------------------------------
---------------------------------------------------------------------------------
Finished IO Insertion : Time (s): cpu = 00:00:29 ; elapsed = 00:00:31 . Memory (MB): peak = 1514.094 ; gain = 591.012
---------------------------------------------------------------------------------
---------------------------------------------------------------------------------
Start Renaming Generated Instances
---------------------------------------------------------------------------------
---------------------------------------------------------------------------------
Finished Renaming Generated Instances : Time (s): cpu = 00:00:29 ; elapsed = 00:00:31 . Memory (MB): peak = 1514.094 ; gain = 591.012
---------------------------------------------------------------------------------
---------------------------------------------------------------------------------
Start Rebuilding User Hierarchy
---------------------------------------------------------------------------------
---------------------------------------------------------------------------------
Finished Rebuilding User Hierarchy : Time (s): cpu = 00:00:29 ; elapsed = 00:00:31 . Memory (MB): peak = 1514.094 ; gain = 591.012
---------------------------------------------------------------------------------
---------------------------------------------------------------------------------
Start Renaming Generated Ports
---------------------------------------------------------------------------------
---------------------------------------------------------------------------------
Finished Renaming Generated Ports : Time (s): cpu = 00:00:29 ; elapsed = 00:00:31 . Memory (MB): peak = 1514.094 ; gain = 591.012
---------------------------------------------------------------------------------
---------------------------------------------------------------------------------
Start Handling Custom Attributes
---------------------------------------------------------------------------------
---------------------------------------------------------------------------------
Finished Handling Custom Attributes : Time (s): cpu = 00:00:29 ; elapsed = 00:00:31 . Memory (MB): peak = 1514.094 ; gain = 591.012
---------------------------------------------------------------------------------
---------------------------------------------------------------------------------
Start Renaming Generated Nets
---------------------------------------------------------------------------------
---------------------------------------------------------------------------------
Finished Renaming Generated Nets : Time (s): cpu = 00:00:29 ; elapsed = 00:00:31 . Memory (MB): peak = 1514.094 ; gain = 591.012
---------------------------------------------------------------------------------
---------------------------------------------------------------------------------
Start Writing Synthesis Report
---------------------------------------------------------------------------------

Report BlackBoxes: 
+-+--------------+----------+
| |BlackBox name |Instances |
+-+--------------+----------+
+-+--------------+----------+

Report Cell Usage: 
+------+-------+------+
|      |Cell   |Count |
+------+-------+------+
|1     |LUT3   |    24|
|2     |LUT4   |     1|
|3     |SRL16E |     9|
|4     |FDRE   |    17|
+------+-------+------+
---------------------------------------------------------------------------------
Finished Writing Synthesis Report : Time (s): cpu = 00:00:29 ; elapsed = 00:00:31 . Memory (MB): peak = 1514.094 ; gain = 591.012
---------------------------------------------------------------------------------
Synthesis finished with 0 errors, 0 critical warnings and 1 warnings.
Synthesis Optimization Runtime : Time (s): cpu = 00:00:19 ; elapsed = 00:00:29 . Memory (MB): peak = 1514.094 ; gain = 561.328
Synthesis Optimization Complete : Time (s): cpu = 00:00:29 ; elapsed = 00:00:31 . Memory (MB): peak = 1514.094 ; gain = 591.012
INFO: [Project 1-571] Translating synthesized netlist
Netlist sorting complete. Time (s): cpu = 00:00:00 ; elapsed = 00:00:00.001 . Memory (MB): peak = 1514.094 ; gain = 0.000
INFO: [Project 1-570] Preparing netlist for logic optimization
INFO: [Opt 31-138] Pushed 0 inverter(s) to 0 load pin(s).
Netlist sorting complete. Time (s): cpu = 00:00:00 ; elapsed = 00:00:00 . Memory (MB): peak = 1514.094 ; gain = 0.000
INFO: [Project 1-111] Unisim Transformation Summary:
No Unisim elements were transformed.

Synth Design complete | Checksum: 7c3e1f1f
INFO: [Common 17-83] Releasing license: Synthesis
41 Infos, 1 Warnings, 0 Critical Warnings and 0 Errors encountered.
synth_design completed successfully
synth_design: Time (s): cpu = 00:00:35 ; elapsed = 00:00:36 . Memory (MB): peak = 1514.094 ; gain = 1009.430
Write ShapeDB Complete: Time (s): cpu = 00:00:00 ; elapsed = 00:00:00 . Memory (MB): peak = 1514.094 ; gain = 0.000
INFO: [Common 17-1381] The checkpoint 'A:/ECE544_GitHub/ece544w25_proj1_release_1_0/project_1.runs/embsys_fit_timer_0_0_synth_1/embsys_fit_timer_0_0.dcp' has been generated.
INFO: [Coretcl 2-1648] Added synthesis output to IP cache for IP embsys_fit_timer_0_0, cache-ID = 8b3daed75a0d6588
INFO: [Coretcl 2-1174] Renamed 10 cell refs.
Write ShapeDB Complete: Time (s): cpu = 00:00:00 ; elapsed = 00:00:00 . Memory (MB): peak = 1514.094 ; gain = 0.000
INFO: [Common 17-1381] The checkpoint 'A:/ECE544_GitHub/ece544w25_proj1_release_1_0/project_1.runs/embsys_fit_timer_0_0_synth_1/embsys_fit_timer_0_0.dcp' has been generated.
INFO: [Vivado 12-24828] Executing command : report_utilization -file embsys_fit_timer_0_0_utilization_synth.rpt -pb embsys_fit_timer_0_0_utilization_synth.pb
INFO: [Common 17-206] Exiting Vivado at Sun Jan 26 21:26:09 2025...
